Cloud-init v. 24.4-0ubuntu1~22.04.1 running 'init-local' at Thu, 13 Mar 2025 08:12:28 +0000. Up 5.78 seconds.
Cloud-init v. 24.4-0ubuntu1~22.04.1 running 'init' at Thu, 13 Mar 2025 08:12:38 +0000. Up 15.26 seconds.
ci-info: +++++++++++++++++++++++++++++++++++++++++Net device info++++++++++++++++++++++++++++++++++++++++++
ci-info: +--------+------+-----------------------------------+---------------+--------+-------------------+
ci-info: | Device |  Up  |              Address              |      Mask     | Scope  |     Hw-Address    |
ci-info: +--------+------+-----------------------------------+---------------+--------+-------------------+
ci-info: |  eth0  | True |          172.233.111.192          | 255.255.255.0 | global | f2:3c:95:76:57:78 |
ci-info: |  eth0  | True | 2a01:7e02::f03c:95ff:fe76:5778/64 |       .       | global | f2:3c:95:76:57:78 |
ci-info: |  eth0  | True |    fe80::f03c:95ff:fe76:5778/64   |       .       |  link  | f2:3c:95:76:57:78 |
ci-info: |   lo   | True |             127.0.0.1             |   255.0.0.0   |  host  |         .         |
ci-info: |   lo   | True |              ::1/128              |       .       |  host  |         .         |
ci-info: +--------+------+-----------------------------------+---------------+--------+-------------------+
ci-info: +++++++++++++++++++++++++++++++Route IPv4 info+++++++++++++++++++++++++++++++
ci-info: +-------+---------------+---------------+---------------+-----------+-------+
ci-info: | Route |  Destination  |    Gateway    |    Genmask    | Interface | Flags |
ci-info: +-------+---------------+---------------+---------------+-----------+-------+
ci-info: |   0   |    0.0.0.0    | 172.233.111.1 |    0.0.0.0    |    eth0   |   UG  |
ci-info: |   1   | 172.233.111.0 |    0.0.0.0    | 255.255.255.0 |    eth0   |   U   |
ci-info: +-------+---------------+---------------+---------------+-----------+-------+
ci-info: +++++++++++++++++++Route IPv6 info+++++++++++++++++++
ci-info: +-------+-------------+---------+-----------+-------+
ci-info: | Route | Destination | Gateway | Interface | Flags |
ci-info: +-------+-------------+---------+-----------+-------+
ci-info: |   1   |  fe80::/64  |    ::   |    eth0   |   U   |
ci-info: |   2   |     ::/0    | fe80::1 |    eth0   |  UGe  |
ci-info: |   4   |    local    |    ::   |    eth0   |   U   |
ci-info: |   5   |    local    |    ::   |    eth0   |   U   |
ci-info: |   6   |  multicast  |    ::   |    eth0   |   U   |
ci-info: +-------+-------------+---------+-----------+-------+
Generating public/private rsa key pair.
Your identification has been saved in /etc/ssh/ssh_host_rsa_key
Your public key has been saved in /etc/ssh/ssh_host_rsa_key.pub
The key fingerprint is:
SHA256:mJfHsBOMC38QKC0jQOe4Bosy6rywFAsgVN+IxXRE3UI root@localhost
The key's randomart image is:
+---[RSA 3072]----+
|+o.+o+++oE.      |
|o B *.++ o .     |
|+o *.oo.+ .      |
|=..  o = *       |
|*+    = S o      |
|=.o    o o       |
|oo               |
|=.               |
|.+.              |
+----[SHA256]-----+
Generating public/private ecdsa key pair.
Your identification has been saved in /etc/ssh/ssh_host_ecdsa_key
Your public key has been saved in /etc/ssh/ssh_host_ecdsa_key.pub
The key fingerprint is:
SHA256:bhXXZrlQ2uQ3bFyn0YMoitT/ly7YM/DVaRLQeEJyU8g root@localhost
The key's randomart image is:
+---[ECDSA 256]---+
|      .  .o+*.=.o|
|     . . .oE.@o=+|
|    . . o o B O=o|
|     . . . o =.o.|
|        S o   = .|
|       . o . = + |
|        o = + o  |
|       . . * .   |
|            +    |
+----[SHA256]-----+
Generating public/private ed25519 key pair.
Your identification has been saved in /etc/ssh/ssh_host_ed25519_key
Your public key has been saved in /etc/ssh/ssh_host_ed25519_key.pub
The key fingerprint is:
SHA256:1I79YFP8ulK0wG+Dj5ahlVSLnOKnmcxgrs4u/MBb54U root@localhost
The key's randomart image is:
+--[ED25519 256]--+
|                 |
|         . ..    |
|        .o.+o.   |
|       ..+B.o.   |
|       .So** ..  |
| .    o...*+*.   |
| .o .oE+.B Bo.   |
|  o= o..B = ..   |
|  .=*..  . ..    |
+----[SHA256]-----+
Cloud-init v. 24.4-0ubuntu1~22.04.1 running 'modules:config' at Thu, 13 Mar 2025 08:12:39 +0000. Up 17.07 seconds.
Cloud-init v. 24.4-0ubuntu1~22.04.1 running 'modules:final' at Thu, 13 Mar 2025 08:12:40 +0000. Up 18.12 seconds.
Cloud-init v. 24.4-0ubuntu1~22.04.1 finished at Thu, 13 Mar 2025 08:12:41 +0000. Datasource DataSourceAkamaiLocal.  Up 18.25 seconds
